c:\users\skagu\onedrive\desktop\yeram\ar46_3d\project\engine\x64\debug\engine_d.pch
c:\users\skagu\onedrive\desktop\yeram\ar46_3d\external\library\engine\engine_d.pdb
c:\users\skagu\onedrive\desktop\yeram\ar46_3d\external\library\engine\engine_d.idb
c:\users\skagu\onedrive\desktop\yeram\ar46_3d\project\engine\x64\debug\pch.obj
c:\users\skagu\onedrive\desktop\yeram\ar46_3d\project\engine\x64\debug\unity_n0imcg57oj4yicvv.obj
c:\users\skagu\onedrive\desktop\yeram\ar46_3d\project\engine\x64\debug\unity_msv8doab4he96m9c.obj
c:\users\skagu\onedrive\desktop\yeram\ar46_3d\project\engine\x64\debug\unity_gty6vvluez2yd8c0.obj
c:\users\skagu\onedrive\desktop\yeram\ar46_3d\project\engine\x64\debug\unity_m4snw5qns4yo2oqx.obj
c:\users\skagu\onedrive\desktop\yeram\ar46_3d\external\library\engine\animation3d.cso
c:\users\skagu\onedrive\desktop\yeram\ar46_3d\external\library\engine\copybone.cso
c:\users\skagu\onedrive\desktop\yeram\ar46_3d\external\library\engine\decal.cso
c:\users\skagu\onedrive\desktop\yeram\ar46_3d\external\library\engine\heightmap.cso
c:\users\skagu\onedrive\desktop\yeram\ar46_3d\external\library\engine\landscape.cso
c:\users\skagu\onedrive\desktop\yeram\ar46_3d\external\library\engine\light.cso
c:\users\skagu\onedrive\desktop\yeram\ar46_3d\external\library\engine\raycast.cso
c:\users\skagu\onedrive\desktop\yeram\ar46_3d\external\library\engine\skybox.cso
c:\users\skagu\onedrive\desktop\yeram\ar46_3d\external\library\engine\std3d.cso
c:\users\skagu\onedrive\desktop\yeram\ar46_3d\external\library\engine\std3d_deferred.cso
c:\users\skagu\onedrive\desktop\yeram\ar46_3d\external\library\engine\tess.cso
c:\users\skagu\onedrive\desktop\yeram\ar46_3d\external\library\engine\test.cso
c:\users\skagu\onedrive\desktop\yeram\ar46_3d\external\library\engine\weightmap.cso
c:\users\skagu\onedrive\desktop\yeram\ar46_3d\external\library\engine\engine_d.lib
c:\users\skagu\onedrive\desktop\yeram\ar46_3d\project\engine\x64\debug\engine.tlog\cl.command.1.tlog
c:\users\skagu\onedrive\desktop\yeram\ar46_3d\project\engine\x64\debug\engine.tlog\cl.read.1.tlog
c:\users\skagu\onedrive\desktop\yeram\ar46_3d\project\engine\x64\debug\engine.tlog\cl.write.1.tlog
c:\users\skagu\onedrive\desktop\yeram\ar46_3d\project\engine\x64\debug\engine.tlog\fxc.command.1.tlog
c:\users\skagu\onedrive\desktop\yeram\ar46_3d\project\engine\x64\debug\engine.tlog\fxc.read.1.tlog
c:\users\skagu\onedrive\desktop\yeram\ar46_3d\project\engine\x64\debug\engine.tlog\fxc.write.1.tlog
c:\users\skagu\onedrive\desktop\yeram\ar46_3d\project\engine\x64\debug\engine.tlog\lib-link.read.1.tlog
c:\users\skagu\onedrive\desktop\yeram\ar46_3d\project\engine\x64\debug\engine.tlog\lib-link.write.1.tlog
c:\users\skagu\onedrive\desktop\yeram\ar46_3d\project\engine\x64\debug\engine.tlog\lib.command.1.tlog
